Altinkar_15
Altinkar_16
Altinkar_17
Altinkar_18
Altinkar_19
Altinkar_20
Altinkar_21
Altinkar_22
Altinkar_23
Altinkar_24
Altinkar_25
Altinkar_26
Altinkar_27
Altinkar_28
Altinkar_29
Altinkar_30
Altinkar_31
altınkar_
Altınkar_
altınkar_1
altınkar_2
altınkar_3
altınkar_4
altınkar_5
altınkar_6
altınkar_7
altınkar_8
altınkar_9
altınkar_0
altınkar_123
altınkar_1234
altınkar_12345
altınkar_123456
altınkar_2018
altınkar_2019
altınkar_2020
altınkar_2021
altınkar_2022
altınkar_01
altınkar_02
altınkar_03
altınkar_04
altınkar_05
altınkar_06
altınkar_07
altınkar_08
altınkar_09
altınkar_10
altınkar_11
altınkar_12
altınkar_13
altınkar_14
altınkar_15
altınkar_16
altınkar_17
altınkar_18
altınkar_19
altınkar_20
altınkar_21
altınkar_22
altınkar_23
altınkar_24
altınkar_25
altınkar_26
altınkar_27
altınkar_28
altınkar_29
altınkar_30
altınkar_31

Altınkar_1
Altınkar_2
Altınkar_3
Altınkar_4
Altınkar_5
Altınkar_6
Altınkar_7
Altınkar_8
Altınkar_9
Altınkar_0
Altınkar_123
Altınkar_1234
Altınkar_12345
Altınkar_123456
Altınkar_2018
Altınkar_2019
Altınkar_2020
Altınkar_2021
Altınkar_2022
Altınkar_01
Altınkar_02
Altınkar_03
Altınkar_04
Altınkar_05
Altınkar_06
Altınkar_07
Altınkar_08
Altınkar_09
Altınkar_10
Altınkar_11
Altınkar_12
Altınkar_13
Altınkar_14
Altınkar_15
Altınkar_16
Altınkar_17
Altınkar_18
Altınkar_19
Altınkar_20
Altınkar_21
Altınkar_22
Altınkar_23
Altınkar_24
Altınkar_25
Altınkar_26
Altınkar_27
Altınkar_28
Altınkar_29
Altınkar_30
Altınkar_31
Tat_
TAT_
tAT_
Tat_1
Tat_2
Tat_3
Tat_4
Tat_5
Tat_6
Tat_7
Tat_8
Tat_9
Tat_0
Tat_123
Tat_1234
Tat_12345
Tat_123456
Tat_2018
Tat_2019
Tat_2020
Tat_2021
Tat_2022
Tat_01
Tat_02
Tat_03
Tat_04
Tat_05
Tat_06
Tat_07
Tat_08
Tat_09
Tat_10
Tat_11
Tat_12
Tat_13
Tat_14
Tat_15
Tat_16
Tat_17
Tat_18
Tat_19
Tat_20
Tat_21
Tat_22
Tat_23
Tat_24
Tat_25
Tat_26
Tat_27
Tat_28
Tat_29
Tat_30
Tat_31
tat_
tat_1
tat_2
tat_3
tat_4
tat_5
tat_6
tat_7
tat_8
tat_9
tat_0
tat_123
tat_1234
tat_12345
tat_123456
tat_2018
tat_2019
tat_2020
tat_2021
tat_2022
tat_01
tat_02
tat_03
tat_04
tat_05
tat_06
tat_07
tat_08
tat_09
tat_10
tat_11
tat_12
tat_13
tat_14
tat_15
tat_16
tat_17
tat_18
tat_19
tat_20
tat_21
tat_22
tat_23
tat_24
tat_25
tat_26
tat_27
tat_28
tat_29
tat_30
tat_31
ta_
Ta_
TA_
tA_
ta_1
ta_2
ta_3
ta_4
ta_5
ta_6
ta_7
ta_8
ta_9
ta_0
ta_123
ta_1234
ta_12345
ta_123456
ta_2018
ta_2019
ta_2020
ta_2021
ta_2022
ta_01
ta_02
ta_03
ta_04
ta_05
ta_06
ta_07
ta_08
ta_09
ta_10
ta_11
ta_12
ta_13
ta_14
ta_15
ta_16
ta_17
ta_18
ta_19
ta_20
ta_21
ta_22
ta_23
ta_24
ta_25
ta_26
ta_27
ta_28
ta_29
ta_30
ta_31
Ta_1
Ta_2
Ta_3
Ta_4
Ta_5
Ta_6
Ta_7
Ta_8
Ta_9
Ta_0
Ta_123
Ta_1234
Ta_12345
Ta_123456
Ta_2018
Ta_2019
Ta_2020
Ta_2021
Ta_2022
Ta_01
Ta_02
Ta_03
Ta_04
Ta_05
Ta_06
Ta_07
Ta_08
Ta_09
Ta_10
Ta_11
Ta_12
Ta_13
Ta_14
Ta_15
Ta_16
Ta_17
Ta_18
Ta_19
Ta_20
Ta_21
Ta_22
Ta_23
Ta_24
Ta_25
Ta_26
Ta_27
Ta_28
Ta_29
Ta_30
Ta_31
